20230308	15:05:47	a9782a56-1523-4ff8-b1de-59b5dbf3829d	Error: Not authorized, no token	GET	/api/user/protected	undefined
20230308	15:06:41	b7b7f50f-28b1-4bac-aa7c-ed2c14b5e872	Error: Not authorized, no token	GET	/api/user/protected
20230308	15:07:49	17a8f3e8-8518-4a1c-9448-440700a4add7	Error: Not authorized, no token	GET	/api/user/protected	undefined
20230308	15:08:23	50b3fb0a-165a-49c6-ae5f-1a2d30e6519f	Error: Not authorized, no token	GET	/api/user/protected	undefined
20230308	15:08:35	4e5cf668-049e-42a0-896b-4fb4e7780b16	Error: Not authorized, no token	GET	/api/user/protected	undefined
20230308	15:09:43	08497757-7041-4d2d-ad2a-1de630d9ed11	Error: Not authorized, no token	GET	/api/user/protected	undefined
20230308	15:11:14	8e89a3bd-78a0-4206-8a6c-22e63c5beeb9	Error: Not authorized, no token	GET	/api/user/protected	undefined
20230308	15:11:51	00942463-d40b-47ec-9992-7e9617c14a26	Error: Not authorized, no token	GET	/api/user/protected	undefined
20230308	15:11:53	59587d37-e1f8-4e75-a55f-b72509a051ea	Error: Not authorized, no token	GET	/api/user/protected	undefined
20230308	15:12:51	6a647231-4750-4d84-8fc8-c01721ba83b4	Error: Not authorized, no token	GET	/api/user/protected	undefined
20230308	15:13:02	66c648d1-aa22-4be6-a18a-71a7473b87b7	Error: Not authorized, no token	GET	/api/user/protected	undefined
20230308	15:13:03	ea3ebdba-43ea-4e69-b9f8-4986de5299a4	Error: Not authorized, no token	GET	/api/user/protected	undefined
20230308	17:00:31	6079a5e4-db3a-417b-ad68-d07293c4514e	Error: Cannot set headers after they are sent to the client	POST	/api/user/register	http://localhost:20500
20230308	17:02:08	6108c33b-c684-49c9-ad67-32085e06d575	Error: Cannot set headers after they are sent to the client	POST	/api/user/register	http://localhost:20500
20230308	17:02:21	c580623b-1e52-4d8b-9835-b333a5e227c3	Error: Cannot set headers after they are sent to the client	POST	/api/user/register	http://localhost:20500
20230308	17:02:47	476f9889-a4e7-449f-a2e0-b84d74af7099	Error: Cannot set headers after they are sent to the client	POST	/api/user/register	http://localhost:20500
20230308	17:03:08	cf8aeaf4-80ee-4253-bfb3-6a79ab46eb89	Error: Cannot set headers after they are sent to the client	POST	/api/user/register	http://localhost:20500
20230308	17:03:10	bcce7d08-44e6-4c93-ac7c-5eb8bacd97a0	Error: Cannot set headers after they are sent to the client	POST	/api/user/register	http://localhost:20500
20230308	17:03:11	066f8c49-ec5b-4128-88d8-62c94580923c	Error: Cannot set headers after they are sent to the client	POST	/api/user/register	http://localhost:20500
20230308	17:03:56	d36e08d0-c585-4220-a35c-0c940481942b	Error: Cannot set headers after they are sent to the client	POST	/api/user/register	http://localhost:20500
20230308	17:04:03	51d5347c-09d9-4da6-ba8a-1e6afd62c6cd	Error: Cannot set headers after they are sent to the client	POST	/api/user/register	http://localhost:20500
20230308	17:04:10	43c57d31-80be-4173-8fe5-e62c9b047183	Error: Cannot set headers after they are sent to the client	POST	/api/user/register	http://localhost:20500
20230308	17:04:26	7f64d91b-06be-4a0f-a0d6-f338bb21e537	Error: Cannot set headers after they are sent to the client	POST	/api/user/register	http://localhost:20500
20230308	17:04:33	3cc3e3cd-1e82-4edc-99ce-1496de00f3fc	Error: Cannot set headers after they are sent to the client	POST	/api/user/register	http://localhost:20500
20230308	17:05:20	d2788154-61c6-480c-a603-c97173292918	Error: Cannot set headers after they are sent to the client	POST	/api/user/register	http://localhost:20500
20230308	17:05:47	98b82449-fc71-440d-bed1-d8d9edd9bb36	Error: Cannot set headers after they are sent to the client	POST	/api/user/register	http://localhost:20500
20230308	17:05:48	4ced3af5-c415-4682-9d3a-ae205c957dc4	Error: Cannot set headers after they are sent to the client	POST	/api/user/register	http://localhost:20500
20230308	17:06:05	87c6e32a-17aa-4f8c-a09b-5538b2318cd7	Error: Cannot set headers after they are sent to the client	POST	/api/user/register	http://localhost:20500
20230308	17:06:49	6a4446ef-0a82-4648-bbd7-a4f8d02601d9	Error: Cannot set headers after they are sent to the client	POST	/api/user/register	http://localhost:20500
20230308	17:06:53	398171f0-848a-47c6-b1c9-098284eb2b5f	Error: Cannot set headers after they are sent to the client	POST	/api/user/register	http://localhost:20500
20230308	17:08:29	afe1faac-ddfb-471d-a670-3fba9bcc86a3	MongooseError: Cannot call `users.findOne()` before initial connection is complete if `bufferCommands = false`. Make sure you `await mongoose.connect()` if you have `bufferCommands = false`.	POST	/api/user/register	http://localhost:20500
20230308	17:08:42	4435b6b4-29c9-45c6-86f1-6782c590d5a9	Error: Cannot set headers after they are sent to the client	POST	/api/user/register	http://localhost:20500
20230308	17:09:09	00884594-415b-4bf5-990d-a1a3b31ba220	Error: Cannot set headers after they are sent to the client	POST	/api/user/register	http://localhost:20500
20230308	17:09:51	48657060-f81d-4b4e-9348-3bb4c283773c	Error: Cannot set headers after they are sent to the client	POST	/api/user/register	http://localhost:20500
20230308	17:09:59	1615cd5e-9877-445e-ac8e-cade0f4e609c	Error: Cannot set headers after they are sent to the client	POST	/api/user/register	http://localhost:20500
20230308	17:10:59	e43be24d-ffbb-49f2-af04-806e27187b12	MongooseError: Cannot call `users.findOne()` before initial connection is complete if `bufferCommands = false`. Make sure you `await mongoose.connect()` if you have `bufferCommands = false`.	POST	/api/user/register	http://localhost:20500
20230308	17:11:52	54517b3a-7abf-4584-ba72-3890ed27ff80	Error: Cannot set headers after they are sent to the client	POST	/api/user/register	http://localhost:20500
20230308	17:12:46	152a041c-54be-4303-8ebf-fc5bf700e950	Error: Cannot set headers after they are sent to the client	POST	/api/user/register	http://localhost:20500
20230308	17:12:49	cfac420f-4d83-40f7-8271-c2a28d46ab2f	Error: Cannot set headers after they are sent to the client	POST	/api/user/register	http://localhost:20500
20230308	17:12:50	3c9103d9-0a0b-4f4b-9c3a-36e241f4be0d	Error: Cannot set headers after they are sent to the client	POST	/api/user/register	http://localhost:20500
20230308	17:12:53	b568613e-b4a0-4406-8386-173c00264100	Error: Cannot set headers after they are sent to the client	POST	/api/user/register	http://localhost:20500
20230308	17:12:55	f2adc2f3-1c99-469e-9e63-607e4dfd71ef	Error: Cannot set headers after they are sent to the client	POST	/api/user/register	http://localhost:20500
20230308	17:13:40	7c33b239-453f-44fb-9335-b668e8fb0df3	MongooseError: Cannot call `users.findOne()` before initial connection is complete if `bufferCommands = false`. Make sure you `await mongoose.connect()` if you have `bufferCommands = false`.	POST	/api/user/register	http://localhost:20500
20230308	17:13:46	f5e20bfd-1a8a-4479-bc93-9f6eba017893	Error: Cannot set headers after they are sent to the client	POST	/api/user/register	http://localhost:20500
20230308	17:13:49	32c607be-b2d4-474c-8a95-a173432c6af8	Error: Cannot set headers after they are sent to the client	POST	/api/user/register	http://localhost:20500
20230308	17:13:52	05e2910b-eda7-40a4-a9b8-8a3768072637	Error: Cannot set headers after they are sent to the client	POST	/api/user/register	http://localhost:20500
20230308	17:13:54	c78188a2-b77f-4d72-a9cf-a34a1f1f91b0	Error: Cannot set headers after they are sent to the client	POST	/api/user/register	http://localhost:20500
20230308	17:13:55	feb5f5f5-057e-47fe-991d-8df048397f20	TypeError: Cannot read properties of null (reading 'email')	POST	/api/user/register	http://localhost:20500
20230308	17:16:17	cc3d13c0-b870-4d4e-a71f-38706c0748eb	Error: Cannot set headers after they are sent to the client	POST	/api/user/register	http://localhost:20500
20230308	17:16:31	4bac4aab-65a0-4d19-a8b8-f1d6f985525d	Error: Cannot set headers after they are sent to the client	POST	/api/user/register	http://localhost:20500
20230308	17:16:49	9ca5faae-1f7c-4164-a7f6-461fcba235c4	Error: Cannot set headers after they are sent to the client	POST	/api/user/register	http://localhost:20500
20230308	17:52:34	a879b099-5013-4099-af50-0b37bba50ec0	Error: Illegal arguments: undefined, string	POST	/api/user/register	http://localhost:20500
20230308	17:52:57	2edd116c-6252-4281-9de0-5fccec8b9c48	Error: Illegal arguments: undefined, string	POST	/api/user/register	http://localhost:20500
20230308	17:53:16	0af10e65-a635-4eb7-816c-867d9c761a4f	Error: Illegal arguments: undefined, string	POST	/api/user/register	http://localhost:20500
20230308	17:53:38	b90caee6-1904-41f1-91bd-76a14c17386f	Error: Illegal arguments: undefined, string	POST	/api/user/register	http://localhost:20500
20230308	17:54:07	dc42e138-bc15-4447-a551-46fcdeb0e2d3	Error: Illegal arguments: undefined, string	POST	/api/user/register	http://localhost:20500
20230308	17:55:19	cc8846ad-28d4-412a-ad35-3693d8d4775e	MongooseError: Cannot call `users.findOne()` before initial connection is complete if `bufferCommands = false`. Make sure you `await mongoose.connect()` if you have `bufferCommands = false`.	POST	/api/user/register	http://localhost:20500
20230308	17:55:29	57f63947-a637-421e-bdb6-b98ea31cf1c9	Error: Illegal arguments: undefined, string	POST	/api/user/register	http://localhost:20500
20230308	17:56:02	899776e8-7df0-4a4b-909a-0ca751949311	Error: Illegal arguments: undefined, string	POST	/api/user/register	http://localhost:20500
20230308	17:56:17	d8e0a53b-cb65-4316-bf78-cb922c291a0e	MongooseError: Cannot call `users.findOne()` before initial connection is complete if `bufferCommands = false`. Make sure you `await mongoose.connect()` if you have `bufferCommands = false`.	POST	/api/user/register	http://localhost:20500
