20230308	15:05:47	aad3d190-448d-47cd-89f2-f1aa79070da2	GET	/api/user/protected	undefined
20230308	15:06:41	3dbcacd1-7ceb-43ca-9f3d-75e4670866d7	GET	/api/user/protected	undefined
20230308	15:07:49	c94a0710-7344-449c-9e1a-0c5030dccaf3	GET	/api/user/protected	undefined
20230308	15:08:23	d7782edb-8fc8-49a6-95b2-0ec8290c4498	GET	/api/user/protected	undefined
20230308	15:08:35	586d4c8a-aa92-4a13-bb76-80ddef1c168f	GET	/api/user/protected	undefined
20230308	15:09:43	af361acc-2c2f-44dc-928c-3159c798145f	GET	/api/user/protected	undefined
20230308	15:11:14	957af9b5-7658-4277-bb50-b588dda631d4	GET	/api/user/protected	undefined
20230308	15:11:51	d08095da-535e-423b-bda0-e3d0a9b7c708	GET	/api/user/protected	undefined
20230308	15:11:53	0ad1e116-70f6-410d-ab71-5fc4c1eff409	GET	/api/user/protected	undefined
20230308	15:12:51	549bf4cd-3a22-4132-9529-c2b239e644f4	GET	/api/user/protected	undefined
20230308	15:13:02	683863ea-32ce-4341-a327-5ec8b364e6ea	GET	/api/user/protected	undefined
20230308	15:13:03	3876c387-f3ef-4c40-9371-bdc60b6773f6	GET	/api/user/protected	undefined
20230308	15:14:33	fd5971f7-fc5b-4869-8ecd-22e7e3e42dac	POST	/api/user/login	undefined
20230308	15:15:13	0cd741b1-49f3-411d-b45b-7243c1e8bb35	GET	/api/user/refresh-token	undefined
20230308	15:15:23	6d02f841-bd3e-4b9d-9c8f-94cebcc4c723	GET	/api/user/refresh-token	undefined
20230308	15:15:35	f30112f9-92b4-4c48-bdf3-837c9af16454	GET	/api/user/refresh-token	undefined
20230308	15:15:36	d64e1eed-317b-42b5-8b79-36debd258dc2	GET	/api/user/refresh-token	undefined
20230308	15:15:47	83fb8dd9-8cfd-4322-afd2-f67abc04f367	GET	/api/user/refresh-token	undefined
20230308	15:15:49	bbd78a83-a3cf-4d93-8dca-980975d4b077	GET	/api/user/refresh-token	undefined
20230308	15:16:04	a9bd9488-e26c-4558-8e76-3f8accdf0926	GET	/api/user/refresh-token	undefined
20230308	15:16:07	6986eb7f-8674-4737-8d3c-e24ebc72b5cb	GET	/api/user/refresh-token	undefined
20230308	15:16:19	9314f036-93a9-49a7-aa4f-9a8ecabf951f	GET	/api/user/refresh-token	undefined
20230308	15:16:26	47f10810-7f51-41ba-b8cd-ee1c93255de8	GET	/api/user/refresh-token	undefined
20230308	15:16:28	274edeb9-8b29-4d8d-9e8d-ff7c7befcf89	GET	/api/user/refresh-token	undefined
20230308	15:16:31	c2f46952-3319-44dc-af3e-fdadcaefbf19	GET	/api/user/refresh-token	undefined
20230308	15:16:42	bd1ec325-ddb2-4de7-8cbb-4cbeb7a4c0db	GET	/api/user/refresh-token	undefined
20230308	15:16:44	b9b8364f-0bf7-43b6-9924-52baf93af258	GET	/api/user/refresh-token	undefined
20230308	15:16:52	f278c09d-519b-4b68-8182-c0fd51de2708	GET	/api/user/refresh-token	undefined
20230308	15:16:53	99992a5e-8b46-4846-a1f4-67d52321a335	GET	/api/user/refresh-token	undefined
20230308	15:18:25	4fbe2832-7de7-49c1-a387-35f1a6f0fe9f	GET	/api/user/refresh-token	undefined
20230308	15:20:17	a2890b48-ce3f-475a-8710-c7d62e0ec4ad	GET	/api/user/refresh-token	undefined
20230308	15:20:54	b4326c8d-29c8-4d8a-acb5-a746ac845659	GET	/api/user/refresh-token	undefined
20230308	15:49:07	5febe2e6-4317-4158-85f3-6ac7125ee1e6	POST	/api/user/login	undefined
20230308	17:00:24	0c914c5c-daf6-436d-a7ab-8f177c013ee5	POST	/api/user/register	http://localhost:20500
20230308	17:00:30	cad79727-4caf-4745-8523-cab6c4bd5224	POST	/api/user/register	http://localhost:20500
20230308	17:02:08	9762400f-0351-4d9f-9fd1-86c2610c83cf	POST	/api/user/register	http://localhost:20500
20230308	17:02:21	dbb5a457-d13b-4a43-bed4-a112cacf3c6a	POST	/api/user/register	http://localhost:20500
20230308	17:02:47	3e043bca-8391-456b-bfe7-95aa3e0ec7b6	POST	/api/user/register	http://localhost:20500
20230308	17:03:08	50a24697-05b5-4f32-a4ca-c6f361385deb	POST	/api/user/register	http://localhost:20500
20230308	17:03:10	26cd3110-1fbd-48ab-8ed4-c6c3102ac5cc	POST	/api/user/register	http://localhost:20500
20230308	17:03:11	58fc066c-dab4-493a-bed0-00ce25f27189	POST	/api/user/register	http://localhost:20500
20230308	17:03:19	3062b558-153c-4fd4-8290-8bf7e525c192	POST	/api/user/register	http://localhost:20500
20230308	17:03:55	fe8150fd-90e9-4c38-8580-5e673753e8d4	POST	/api/user/register	http://localhost:20500
20230308	17:04:02	fb940f57-c0f7-44f3-9625-c40550f49c34	POST	/api/user/register	http://localhost:20500
20230308	17:04:10	c7307c00-f982-4960-88e0-89e53e2a5eab	POST	/api/user/register	http://localhost:20500
20230308	17:04:25	5395a20e-1d25-46ef-9511-1ec267d54833	POST	/api/user/register	http://localhost:20500
20230308	17:04:33	3b308343-6eee-40a9-a086-37e38842f199	POST	/api/user/register	http://localhost:20500
20230308	17:05:19	21a813fd-d9c5-4468-92ee-fa52862115db	POST	/api/user/register	http://localhost:20500
20230308	17:05:46	30ecae47-26cd-4cb1-a749-d4deb84f86ad	POST	/api/user/register	http://localhost:20500
20230308	17:05:48	0b2ade26-67ff-4bda-ace7-6e2a2569bb62	POST	/api/user/register	http://localhost:20500
20230308	17:06:04	860b0921-0f4b-4665-aef2-0fe8dd1d5969	POST	/api/user/register	http://localhost:20500
20230308	17:06:35	485af012-e1b1-4adb-a789-4dc9b73c1864	POST	/api/user/register	http://localhost:20500
20230308	17:06:49	c1fbd16d-4cb8-4001-a842-64412f70c2f3	POST	/api/user/register	http://localhost:20500
20230308	17:06:53	78fc6d4c-6201-41f2-8381-7d4e0d7ee8b8	POST	/api/user/register	http://localhost:20500
20230308	17:08:29	a47805a8-0463-475f-be3c-9541afeabfd1	POST	/api/user/register	http://localhost:20500
20230308	17:08:41	aae02ec8-3ccb-4c35-9bbe-7741a3dea14a	POST	/api/user/register	http://localhost:20500
20230308	17:09:09	d7ccdbe1-7628-4c4a-9714-4ca1d99e4d3f	POST	/api/user/register	http://localhost:20500
20230308	17:09:18	dcf0a525-3fdf-49fc-b844-85b7add32c81	POST	/api/user/register	http://localhost:20500
20230308	17:09:51	b1641b55-81d6-446d-ac4f-311e9d57708a	POST	/api/user/register	http://localhost:20500
20230308	17:09:59	7fc887f9-e6cf-4920-ad2d-224626bf04a3	POST	/api/user/register	http://localhost:20500
20230308	17:10:02	581d5bdb-12a0-4752-a0c5-0f19b4ba3c87	POST	/api/user/register	http://localhost:20500
20230308	17:10:15	deced88d-c572-416d-827f-36131eed33b2	POST	/api/user/register	http://localhost:20500
20230308	17:10:59	05305daf-40fc-49be-b080-c75666ee95c6	POST	/api/user/register	http://localhost:20500
20230308	17:11:51	ebdf088b-5c63-42a0-84a5-7457164ef824	POST	/api/user/register	http://localhost:20500
20230308	17:11:55	ddbfcd5c-3c1f-453a-a7b1-87d406b51368	POST	/api/user/register	http://localhost:20500
20230308	17:12:45	26d5010e-7160-4648-8730-2cfd0d533cb7	POST	/api/user/register	http://localhost:20500
20230308	17:12:48	fa3e5139-5e4b-4dea-8e54-5139bed48551	POST	/api/user/register	http://localhost:20500
20230308	17:12:50	a6a0234e-9959-4c35-b990-802abfc06fb0	POST	/api/user/register	http://localhost:20500
20230308	17:12:52	a514846d-9433-47c3-9c7f-352267d45e01	POST	/api/user/register	http://localhost:20500
20230308	17:12:55	2d7fd526-3715-47fb-9fc1-265475d85812	POST	/api/user/register	http://localhost:20500
20230308	17:12:57	b9c2c1ae-1e8b-465c-9c2d-2403416352dd	POST	/api/user/register	http://localhost:20500
20230308	17:13:40	2b921542-6989-45b5-a619-f704b2e9400c	POST	/api/user/register	http://localhost:20500
20230308	17:13:45	63c7c1fd-b06e-40bc-9ede-b73f7c024496	POST	/api/user/register	http://localhost:20500
20230308	17:13:49	9e6e6c88-a150-4de3-a9bc-5d699a878e31	POST	/api/user/register	http://localhost:20500
20230308	17:13:51	ea707a5e-ebcb-45a7-88df-8418807f7730	POST	/api/user/register	http://localhost:20500
20230308	17:13:53	75b82f64-7180-47e3-b0f5-a53dac9247e2	POST	/api/user/register	http://localhost:20500
20230308	17:13:55	633e05ca-e7ce-416f-8725-8cf708a584f5	POST	/api/user/register	http://localhost:20500
20230308	17:16:17	13e89f79-bed0-4747-8448-cbc664986349	POST	/api/user/register	http://localhost:20500
20230308	17:16:20	4806b1c4-73c1-42bb-9f24-33ec736c583f	POST	/api/user/register	http://localhost:20500
20230308	17:16:31	63fd23b4-c5e2-40b7-855a-ed38b2d35ab8	POST	/api/user/register	http://localhost:20500
20230308	17:16:48	ef335258-615a-44a3-b7be-dd992bde0296	POST	/api/user/register	http://localhost:20500
20230308	17:16:53	fa22b0c5-8799-47c1-af03-a3fe1fd48ba4	POST	/api/user/register	http://localhost:20500
20230308	17:46:46	03eae476-706a-4a67-8bcf-98fae0269547	POST	/api/user/register	http://localhost:20500
20230308	17:46:54	e4d8767a-7527-4ca6-92b1-02ad01aed594	POST	/api/user/register	http://localhost:20500
20230308	17:52:33	169fc1fc-6b94-4791-b7ca-5c07cc5a1316	POST	/api/user/register	http://localhost:20500
20230308	17:52:57	79fb0dd3-1095-4d37-af16-aaee662e726f	POST	/api/user/register	http://localhost:20500
20230308	17:53:15	ff6f47a7-7943-43e4-b644-b3d42e80d278	POST	/api/user/register	http://localhost:20500
20230308	17:53:37	a45f40a0-a7c7-46e4-b61a-0505269129f6	POST	/api/user/register	http://localhost:20500
20230308	17:54:07	1ecb7692-73c0-43a4-84c6-5ae62ed35ea8	POST	/api/user/register	http://localhost:20500
20230308	17:55:19	7d165a1b-edec-4d7a-9307-48efb370122f	POST	/api/user/register	http://localhost:20500
20230308	17:55:29	9f385691-4b38-46f5-9373-e83dce4f9dc3	POST	/api/user/register	http://localhost:20500
20230308	17:56:02	9f71cf97-78d7-4385-acd9-b69a45330db1	POST	/api/user/register	http://localhost:20500
20230308	17:56:17	cd3211fb-c223-438b-9190-14c7c03a1f38	POST	/api/user/register	http://localhost:20500
20230308	17:58:14	5635710d-e1e4-4f22-a5a3-715dcaa3cd8c	POST	/api/user/register	http://localhost:20500
20230308	18:01:23	be58d415-5b28-4be6-ab4b-e3b5398cd6a6	POST	/api/user/register	http://localhost:20500
